Wizard
Current HP: 5 Max HP: 5
Current SP: 30 Max SP: 30
Attributes: 1 1 1 3
Element: Neutral
Weapon: 10.000000
Level: 1 EXP: 1


Warrior
Current HP: 10 Max HP: 10
Current SP: 10 Max SP: 10
Attributes: 2 2 2 1
Element: Neutral
Weapon: 10.000000
Level: 1 EXP: 1


GreenJelly
Current HP: 5 Max HP: 5
Current SP: 10 Max SP: 10
Attributes: 1 1 1 1
Element: Neutral
Weapon: 5.000000
Level: 1 EXP: 1


PinkJelly
Current HP: 5 Max HP: 5
Current SP: 10 Max SP: 10
Attributes: 1 1 1 1
Element: Neutral
Weapon: 5.000000
Level: 1 EXP: 1


